<?xml version="1.0" encoding="UTF-8"?>
<!-- Generated by org.testng.reporters.JUnitXMLReporter -->
<testsuite hostname="DESKTOP-CMBRRMI" ignored="0" name="loginTest1" tests="1" failures="1" timestamp="09 Feb 2019 04:18:14 GMT" time="26.473" errors="0">
  <testcase name="loginTest" time="1.071" classname="com.iNetBankingV2.TestCases.TC_LoginTest_001">
    <failure type="java.lang.AssertionError" message="expected [true] but found [false]">
      <![CDATA[java.lang.AssertionError: expected [true] but found [false]
at com.iNetBankingV2.TestCases.TC_LoginTest_001.loginTest(TC_LoginTest_001.java:28)
... Removed 29 stack frames]]>
    </failure>
  </testcase> <!-- loginTest -->
</testsuite> <!-- loginTest1 -->
